[DEBUG] 23:48:47:513 Team/(25272:25272): 1. Finaliza creación de config y logger
[DEBUG] 23:48:47:540 Team/(25272:25272): 2. Comienza lectura de config de broker
[DEBUG] 23:48:47:543 Team/(25272:25272): 2. Se leyó la IP: 127.0.0.1
[DEBUG] 23:48:47:544 Team/(25272:25272): 2. Se leyó el puerto: 6009
[DEBUG] 23:48:47:545 Team/(25272:25272): 2. Finaliza lectura de config de broker
[DEBUG] 23:48:47:545 Team/(25272:25272): 2. Comienza lectura de config de teamAttr
[DEBUG] 23:48:47:546 Team/(25272:25272): 2. Se leyó la IP: 127.0.0.1
[DEBUG] 23:48:47:548 Team/(25272:25272): 2. Se leyó el puerto: 5002
[DEBUG] 23:48:47:548 Team/(25272:25272): 2. Finaliza lectura de config de teamAttr
[DEBUG] 23:48:47:555 Team/(25272:25272): 3. Comienza lectura de config de scheduler
[DEBUG] 23:48:47:557 Team/(25272:25272): 3. No se reconoce el algoritmo de planificación FIFO
[DEBUG] 23:48:47:558 Team/(25272:25272): 3. Se leyó el quantum: 0
[DEBUG] 23:48:47:560 Team/(25272:25272): 3. Se leyó la estimación inicial: 5
[DEBUG] 23:48:47:560 Team/(25272:25272): 3. Finaliza lectura de config de scheduler
[DEBUG] 23:48:47:605 Team/(25272:25272): alpha valor 0.500000
[DEBUG] 23:48:47:637 Team/(25272:25272): 4. Comienza lectura de parámetros de entrenador
[DEBUG] 23:48:47:644 Team/(25272:25272): 4. Finalizó la carga de config de entrenadores
[DEBUG] 23:48:47:646 Team/(25272:25272): 4. Se alocó memoria para el array de parametros de entrenadore
[DEBUG] 23:48:47:650 Team/(25272:25272): 4. Comienza el proceso de carga de atributos en struc
[DEBUG] 23:48:47:657 Team/(25272:25272): 4.1. Comienza el proceso de carga de posición de entrenadores
[DEBUG] 23:48:47:669 Team/(25272:25272): 4.1. Finaliza el proceso de carga de posición de entrenadores
[DEBUG] 23:48:47:678 Team/(25272:25272): 4.2. Comienza el proceso de carga de pokemons de entrenadores
[DEBUG] 23:48:47:685 Team/(25272:25272): 4.3. Comienza el proceso de carga de objetivos de entrenadores
[DEBUG] 23:48:47:692 Team/(25272:25272): 4.3. Finaliza el proceso de carga de objetivos de entrenadores
[DEBUG] 23:48:47:695 Team/(25272:25272): 4. Finalizó el proceso de carga de atributos
[DEBUG] 23:48:47:700 Team/(25272:25272): valor del count 3
[DEBUG] 23:48:47:702 Team/(25272:25272): 5.Comienza el proceso de creación de threads
[DEBUG] 23:48:47:703 Team/(25272:25272): Creando el entrenador 0
[DEBUG] 23:48:47:737 Team/(25272:25272): 5. Se creó un entrenador
[DEBUG] 23:48:47:746 Team/(25272:25272): Creando el entrenador 1
[DEBUG] 23:48:47:748 Team/(25272:25272): 5. Se creó un entrenador
[DEBUG] 23:48:47:748 Team/(25272:25272): Creando el entrenador 2
[DEBUG] 23:48:47:750 Team/(25272:25272): 5. Se creó un entrenador
[DEBUG] 23:48:47:755 Team/(25272:25272): 5. Terminó el proceso de creación de threads
[DEBUG] 23:48:47:784 Team/(25272:25276): Creando thread Caught Subscriptions Handler
[DEBUG] 23:48:47:829 Team/(25272:25276): IP y puerto configurado
[DEBUG] 23:48:47:831 Team/(25272:25276): Socket configurado
[DEBUG] 23:48:47:833 Team/(25272:25276): Se intentará conectar con Broker
[DEBUG] 23:48:47:846 Team/(25272:25276): La conexión fue realizada
[DEBUG] 23:48:47:886 Team/(25272:25276): Se subscribió a Caught
[DEBUG] 23:48:50:785 Team/(25272:25288): Creando thread Appeared Subscriptions Handler
[DEBUG] 23:48:50:785 Team/(25272:25288): IP y puerto configurado
[DEBUG] 23:48:50:786 Team/(25272:25288): Socket configurado
[DEBUG] 23:48:50:786 Team/(25272:25288): Se intentará conectar con Broker
[DEBUG] 23:48:50:787 Team/(25272:25288): La conexión fue realizada
[DEBUG] 23:48:50:788 Team/(25272:25288): Se subscribió a Appeared
[DEBUG] 23:48:50:863 Team/(25272:25293): Before AddMessageAppeared: availablePokemonCount: 0
[INFO] 23:48:50:865 Team/(25272:25293): 7. Llegada de mensaje Appeared. Datos: Nombre del Pokemon: Pikachu, ubicación X: 9, ubicación Y: 9
[DEBUG] 23:48:50:866 Team/(25272:25295): Before AddMessageAppeared: availablePokemonCount: 0
[DEBUG] 23:48:50:879 Team/(25272:25293): After processMessageAppeared: Pokemon sirve availablePokemonCount: 1
[INFO] 23:48:50:879 Team/(25272:25295): 7. Llegada de mensaje Appeared. Datos: Nombre del Pokemon: Flareon, ubicación X: 4, ubicación Y: 6
[DEBUG] 23:48:50:880 Team/(25272:25295): After AddMessageAppeared: Pokemon no sirve availablePokemonCount: 1
[DEBUG] 23:48:50:881 Team/(25272:25295): Se procesó el mensaje
[DEBUG] 23:48:50:885 Team/(25272:25293): Se procesó el mensaje
[DEBUG] 23:48:53:789 Team/(25272:25306): Creando thread Localized Subscriptions Handler
[DEBUG] 23:48:53:790 Team/(25272:25306): IP y puerto configurado
[DEBUG] 23:48:53:790 Team/(25272:25306): Socket configurado
[DEBUG] 23:48:53:791 Team/(25272:25306): Se intentará conectar con Broker
[DEBUG] 23:48:53:792 Team/(25272:25306): La conexión fue realizada
[DEBUG] 23:48:53:793 Team/(25272:25306): Se subscribió a Localized
[DEBUG] 23:48:56:789 Team/(25272:25272): Se solicitarán 4 pokemons
[DEBUG] 23:48:56:793 Team/(25272:25272): Se solicitará el pokemon Pikachu
[DEBUG] 23:48:56:795 Team/(25272:25272): IP y puerto configurado
[DEBUG] 23:48:56:796 Team/(25272:25272): Socket configurado
[DEBUG] 23:48:56:804 Team/(25272:25272): Se intentará conectar con Broker
[DEBUG] 23:48:56:807 Team/(25272:25272): La conexión fue realizada
[DEBUG] 23:48:56:809 Team/(25272:25272): Se enviará el send para el pokemon Pikachu
[DEBUG] 23:49:01:863 Team/(25272:25272): Pokemon requested: Pikachu
[ERROR] 23:49:01:865 Team/(25272:25272): Esperando ack
[ERROR] 23:49:01:867 Team/(25272:25272): Se recibió ack
[DEBUG] 23:49:01:869 Team/(25272:25272): Se solicitará el pokemon Squirtle
[DEBUG] 23:49:01:869 Team/(25272:25272): IP y puerto configurado
[DEBUG] 23:49:01:870 Team/(25272:25272): Socket configurado
[DEBUG] 23:49:01:870 Team/(25272:25272): Se intentará conectar con Broker
[DEBUG] 23:49:01:871 Team/(25272:25272): La conexión fue realizada
[DEBUG] 23:49:01:871 Team/(25272:25272): Se enviará el send para el pokemon Squirtle
[INFO] 23:49:02:165 Team/(25272:25327): 7. Llegada de mensaje Localized. Datos: Nombre del Pokemon: Pikachu, cantidad de ubicaciones: 1, correlation id: 9
[DEBUG] 23:49:02:178 Team/(25272:25327): Se procesó el mensaje
[INFO] 23:49:03:712 Team/(25272:25340): 7. Llegada de mensaje Localized. Datos: Nombre del Pokemon: Vaporeon, cantidad de ubicaciones: 0, correlation id: 10
[DEBUG] 23:49:03:753 Team/(25272:25340): Se procesó el mensaje
[DEBUG] 23:49:06:875 Team/(25272:25272): Pokemon requested: Squirtle
[ERROR] 23:49:06:882 Team/(25272:25272): Esperando ack
[ERROR] 23:49:06:884 Team/(25272:25272): Se recibió ack
[DEBUG] 23:49:06:888 Team/(25272:25272): Se solicitará el pokemon Gengar
[DEBUG] 23:49:06:888 Team/(25272:25272): IP y puerto configurado
[DEBUG] 23:49:06:889 Team/(25272:25272): Socket configurado
[DEBUG] 23:49:06:892 Team/(25272:25272): Se intentará conectar con Broker
[DEBUG] 23:49:06:894 Team/(25272:25272): La conexión fue realizada
[DEBUG] 23:49:06:926 Team/(25272:25272): Se enviará el send para el pokemon Gengar
[INFO] 23:49:07:94 Team/(25272:25352): 7. Llegada de mensaje Localized. Datos: Nombre del Pokemon: Squirtle, cantidad de ubicaciones: 1, correlation id: 11
[ERROR] 23:49:07:94 Team/(25272:25352): valores: available count= 1, valores: ammount =1
[DEBUG] 23:49:07:98 Team/(25272:25352): Se procesó el mensaje
[INFO] 23:49:08:697 Team/(25272:25362): 7. Llegada de mensaje Localized. Datos: Nombre del Pokemon: Jolteon, cantidad de ubicaciones: 1, correlation id: 13
[DEBUG] 23:49:08:699 Team/(25272:25362): Se procesó el mensaje
[DEBUG] 23:49:11:926 Team/(25272:25272): Pokemon requested: Gengar
[ERROR] 23:49:11:928 Team/(25272:25272): Esperando ack
[ERROR] 23:49:11:931 Team/(25272:25272): Se recibió ack
[DEBUG] 23:49:11:931 Team/(25272:25272): Se solicitará el pokemon Onix
[DEBUG] 23:49:11:933 Team/(25272:25272): IP y puerto configurado
[DEBUG] 23:49:11:934 Team/(25272:25272): Socket configurado
[DEBUG] 23:49:11:935 Team/(25272:25272): Se intentará conectar con Broker
[DEBUG] 23:49:11:944 Team/(25272:25272): La conexión fue realizada
[DEBUG] 23:49:11:945 Team/(25272:25272): Se enviará el send para el pokemon Onix
[INFO] 23:49:12:109 Team/(25272:25373): 7. Llegada de mensaje Localized. Datos: Nombre del Pokemon: Gengar, cantidad de ubicaciones: 0, correlation id: 15
[DEBUG] 23:49:12:145 Team/(25272:25373): Se procesó el mensaje
[INFO] 23:49:13:647 Team/(25272:25386): 7. Llegada de mensaje Localized. Datos: Nombre del Pokemon: Flareon, cantidad de ubicaciones: 1, correlation id: 17
[DEBUG] 23:49:13:649 Team/(25272:25386): Se procesó el mensaje
[DEBUG] 23:49:16:946 Team/(25272:25272): Pokemon requested: Onix
[ERROR] 23:49:16:947 Team/(25272:25272): Esperando ack
[ERROR] 23:49:16:948 Team/(25272:25272): Se recibió ack
[DEBUG] 23:49:16:952 Team/(25272:25272): IP 127.0.0.1 y puerto 5002 configurado
[DEBUG] 23:49:16:953 Team/(25272:25272): Socket configurado
[DEBUG] 23:49:16:960 Team/(25272:25388): a. Comparo: Pikachu Pikachu
[DEBUG] 23:49:16:962 Team/(25272:25272): La conexión fue realizada
[DEBUG] 23:49:16:962 Team/(25272:25388): selectedMissingPokemonCount: 1
[DEBUG] 23:49:16:968 Team/(25272:25388): Before removeMessageAppeared: availablePokemonCount: 2
[DEBUG] 23:49:16:972 Team/(25272:25388): After removeMessageAppeared: availablePokemonCount: 1
[INFO] 23:49:16:979 Team/(25272:25388): 1. Se movió al entrenador 1 a la cola Ready por haber sido planificado por su cercanía con el pokemon
[INFO] 23:49:16:996 Team/(25272:25389): 1. Se movió al entrenador 1 a la cola Exec por haber haber sido planificado por el algoritmo FIFO
[DEBUG] 23:49:16:999 Team/(25272:25388): a. Comparo: Squirtle Pikachu
[DEBUG] 23:49:16:2 Team/(25272:25388): a. Comparo: Squirtle Squirtle
[DEBUG] 23:49:16:2 Team/(25272:25388): selectedMissingPokemonCount: 2
[DEBUG] 23:49:17:17 Team/(25272:25388): c. Comparo: Pikachu Squirtle
[DEBUG] 23:49:17:29 Team/(25272:25388): Before removeMessageAppeared: availablePokemonCount: 1
[INFO] 23:49:17:32 Team/(25272:25394): 7. Llegada de mensaje Localized. Datos: Nombre del Pokemon: Onix, cantidad de ubicaciones: 0, correlation id: 19
[DEBUG] 23:49:17:35 Team/(25272:25388): After removeMessageAppeared: availablePokemonCount: 0
[INFO] 23:49:17:36 Team/(25272:25388): 1. Se movió al entrenador 2 a la cola Ready por haber sido planificado por su cercanía con el pokemon
[DEBUG] 23:49:17:47 Team/(25272:25394): Se procesó el mensaje
[INFO] 23:49:18:779 Team/(25272:25405): 7. Llegada de mensaje Localized. Datos: Nombre del Pokemon: Umbreon, cantidad de ubicaciones: 0, correlation id: 21
[DEBUG] 23:49:18:782 Team/(25272:25405): Se procesó el mensaje
[INFO] 23:49:22:2 Team/(25272:25389): 2. Se movió al entrenador 1 a la posición 3 3
[INFO] 23:49:23:765 Team/(25272:25419): 7. Llegada de mensaje Localized. Datos: Nombre del Pokemon: Espeon, cantidad de ubicaciones: 0, correlation id: 24
[DEBUG] 23:49:23:771 Team/(25272:25419): Se procesó el mensaje
[INFO] 23:49:27:6 Team/(25272:25389): 2. Se movió al entrenador 1 a la posición 4 3
[INFO] 23:49:32:9 Team/(25272:25389): 2. Se movió al entrenador 1 a la posición 5 3
[INFO] 23:49:37:12 Team/(25272:25389): 2. Se movió al entrenador 1 a la posición 6 3
[INFO] 23:49:42:13 Team/(25272:25389): 2. Se movió al entrenador 1 a la posición 7 3
[INFO] 23:49:43:891 Team/(25272:25430): 7. Llegada de mensaje Caught. Datos: Respuesta de captura: 1, correlation id: 27
[DEBUG] 23:49:43:898 Team/(25272:25430): Se procesó el mensaje
[INFO] 23:49:47:15 Team/(25272:25389): 2. Se movió al entrenador 1 a la posición 8 3
[INFO] 23:49:52:17 Team/(25272:25389): 2. Se movió al entrenador 1 a la posición 9 3
[INFO] 23:49:53:832 Team/(25272:25441): 7. Llegada de mensaje Caught. Datos: Respuesta de captura: 1, correlation id: 29
[DEBUG] 23:49:53:840 Team/(25272:25441): Se procesó el mensaje
[INFO] 23:49:57:20 Team/(25272:25389): 2. Se movió al entrenador 1 a la posición 9 4
[INFO] 23:50:02:22 Team/(25272:25389): 2. Se movió al entrenador 1 a la posición 9 5
[INFO] 23:50:07:24 Team/(25272:25389): 2. Se movió al entrenador 1 a la posición 9 6
[INFO] 23:50:12:25 Team/(25272:25389): 2. Se movió al entrenador 1 a la posición 9 7
[INFO] 23:50:17:28 Team/(25272:25389): 2. Se movió al entrenador 1 a la posición 9 8
[INFO] 23:50:22:29 Team/(25272:25389): 2. Se movió al entrenador 1 a la posición 9 9
[DEBUG] 23:50:22:33 Team/(25272:25389): Se enviará el catch
[DEBUG] 23:50:22:35 Team/(25272:25389): IP y puerto configurado
[DEBUG] 23:50:22:35 Team/(25272:25389): Socket configurado
[DEBUG] 23:50:22:36 Team/(25272:25389): Se intentará conectar con Broker
[DEBUG] 23:50:22:36 Team/(25272:25389): La conexión fue realizada
[INFO] 23:50:22:50 Team/(25272:25389): 3. Operación de atrapar: X=9 Y=9 Pikachu
[DEBUG] 23:50:27:53 Team/(25272:25389): Se envió el catchdel pokemon Pikachu por elentrenador 1
[INFO] 23:50:27:57 Team/(25272:25389): 1. Se movió al entrenador 1 a la cola Blocked por haber enviado un catch
[INFO] 23:50:27:59 Team/(25272:25389): 1. Se movió al entrenador 2 a la cola Exec por haber haber sido planificado por el algoritmo FIFO
[INFO] 23:50:27:122 Team/(25272:25454): 7. Llegada de mensaje Caught. Datos: Respuesta de captura: 1, correlation id: 31
